
SQL*Plus: Release 11.2.0.3.0 Production on Wed Apr 26 13:32:30 2017

Copyright (c) 1982, 2011, Oracle.  All rights reserved.


Connected to:
Oracle Database 11g Enterprise Edition Release 11.2.0.3.0 - 64bit Production
With the Partitioning, OLAP, Data Mining and Real Application Testing options

Start Time: 26-APR-2017 13:32:32 (DBEAI)
Retrieving Database Information...
Retrieving Version Information...
Retrieving Database Options...
Retrieving License Information...
Retrieving INIT.ORA Parameters...
Retrieving Undocumented INIT.ORA Parameters...
Retrieving All INIT.ORA Parameters...
Retrieving SGA Information...
Retrieving List of Datafiles...
Retrieving Database Files (arch logs/control files/datafiles/etc.)...
Retrieving Tablespace Details...
Retrieving Tablespace Quotas...
Retrieving Tablespace Usage Information...
Retrieving User Default Tablespaces...
Retrieving List of Objects in SYSTEM Tablespace...
Retrieving Freespace and Largest Extent Information...
Retrieving List of AutoExtend Datafiles...
Retrieving Rollback Segment Information...
Retrieving Rollback Contention Statistics...
Retrieving Rollback Growth Information...
Retrieving Rollback Users...
Retrieving Rollback on Transaction Table Information...
Retrieving User Object Information...
Retrieving User Space Allocated Information...
Retrieving List of Invalid Objects...
Retrieving User Object Modification...
Retrieving User Privileges...
Retrieving Objects Users Are Accessing
Retrieving User Session Counts...
Retrieving User Hit Ratios...
Retrieving List of Datatypes...
Retrieving Accounts With Default Password...
Retrieving Table/Index Locations...
Retrieving Tables With Questionable Indexes...
Retrieving Tables With More Than 5 Indexes...
Retrieving Tables Without Indexes...
Retrieving Tables Without Primary Key...
Retrieving Tables Experiencing Chaining...
Retrieving Disabled Constraints...
Retrieving Large Objects...
Retrieving List of All Segments With More Than 50% of Max Extents...
Retrieving Segment MaxExtents...
Retrieving List of Analyzed Tables...
Retrieving List of Recently Analyzed Tables...
Retrieving List of Cached Tables...
Retrieving Partitioned Tables...
Retrieving Partitioned Indexes...
Retrieving Partition Key Columns...
Retrieving Table Level Partitioning Information...
Retrieving Index Level Partitioning Information...
Retrieving Table Clusters...
Retrieving Database Jobs...
Retrieving Database Links...
Retrieving Database Procedures/Packages...
Retrieving Database Sequences...
Retrieving Database Snapshots...
Retrieving Database Synonyms...
Retrieving Database Triggers...
Retrieving Database Views...
Retreiving Buffer Hit Ratio...
Retrieving Library Cache Hit Ratio...
Retrieving Data Dictionary Hit Ratio...
Retrieving System Statistics (ALL)...
Retrieving System Events...
Retrieving SGA Statistics...
Retrieving Wait Statistics...
Retrieving Sort Statistics...
Retrieving Disk I/O By Data File...
Retrieving Table Scan Statistics...
Retrieving Process Table Scan Information...
Retrieving Full Table Scan Stats By User...
Retrieving Data Dictionary Cache Performance...
Retrieving Latch Gets and Misses Stats...
Retrieving Disk Intensive SQL...
Retrieving Buffer Scan Intensive SQL...
Retrieving Shared Pool SQL with Most Loads...
Retrieving Cursors Open By User...
Retrieving Cursors Running By User...
Retrieving Session Time...
Retrieving Session I/O By User...
Retrieving CPU Usage By Session...
Retrieving Resource Usage Statistics by User...
Retrieving System Statistics Groups by Session...
Retrieving Per Session Current Cursor Usage...
Retrieving Shared Pool v$librarycache Statistics...
Retrieving Memory Usage of the Shared Pool...
Retrieving Loads into the Shared Pool...
Retrieving Shared Pool Executions...
Retrieving Shared Pool Details...
Retrieving Reserve Pool Settings...
Retrieving List of All Pinned Objects...
Retrieving Redo Log Information...
Retrieving Redo Log Switch History...
Retrieving Redo Buffer Statistics...
Retrieving Redo Log Buffer Contention Information...
Retrieving List of RMAN Backup Jobs...
Retrieving All non-default RMAN configuration settings...
Retrieving Available RMAN Backup Sets...
Retrieving Available RMAN backup pieces...
Retrieving Archive History...
Retrieving List of Two Phase Commit Pending...
Retrieving List of Two Phase Commit Neighbors...
Retrieving Database Growth Information...
Retrieving Checkpoint Intervals (Shortest, Longest, & Average)...
Retrieving Average Length of Write Request Queue...
Retrieving Lazy DBWR Indicators...
Stop Time: 26-APR-2017 13:41:21 (DBEAI)
Disconnected from Oracle Database 11g Enterprise Edition Release 11.2.0.3.0 - 64bit Production
With the Partitioning, OLAP, Data Mining and Real Application Testing options

SQL*Plus: Release 11.2.0.3.0 Production on Wed Jan 24 14:36:16 2018

Copyright (c) 1982, 2011, Oracle.  All rights reserved.


Connected to:
Oracle Database 11g Enterprise Edition Release 11.2.0.3.0 - 64bit Production
With the Partitioning, OLAP, Data Mining and Real Application Testing options

Start Time: 24-JAN-2018 14:36:16 (DBEAI)
Retrieving Database Information...
Retrieving Version Information...
Retrieving Database Options...
Retrieving License Information...
Retrieving INIT.ORA Parameters...
Retrieving Undocumented INIT.ORA Parameters...
Retrieving All INIT.ORA Parameters...
Retrieving SGA Information...
Retrieving List of Datafiles...
Retrieving Database Files (arch logs/control files/datafiles/etc.)...
Retrieving Tablespace Details...
Retrieving Tablespace Quotas...
Retrieving Tablespace Usage Information...
Retrieving User Default Tablespaces...
Retrieving List of Objects in SYSTEM Tablespace...
Retrieving Freespace and Largest Extent Information...
Retrieving List of AutoExtend Datafiles...
Retrieving Rollback Segment Information...
Retrieving Rollback Contention Statistics...
Retrieving Rollback Growth Information...
Retrieving Rollback Users...
Retrieving Rollback on Transaction Table Information...
Retrieving User Object Information...
Retrieving User Space Allocated Information...
Retrieving List of Invalid Objects...
Retrieving User Object Modification...
Retrieving User Privileges...
Retrieving Objects Users Are Accessing
Retrieving User Session Counts...
Retrieving User Hit Ratios...
Retrieving List of Datatypes...
Retrieving Accounts With Default Password...
Retrieving Table/Index Locations...
Retrieving Tables With Questionable Indexes...
Retrieving Tables With More Than 5 Indexes...
Retrieving Tables Without Indexes...
Retrieving Tables Without Primary Key...
Retrieving Tables Experiencing Chaining...
Retrieving Disabled Constraints...
Retrieving Large Objects...
Retrieving List of All Segments With More Than 50% of Max Extents...
Retrieving Segment MaxExtents...
Retrieving List of Analyzed Tables...
Retrieving List of Recently Analyzed Tables...
Retrieving List of Cached Tables...
Retrieving Partitioned Tables...
Retrieving Partitioned Indexes...
Retrieving Partition Key Columns...
Retrieving Table Level Partitioning Information...
Retrieving Index Level Partitioning Information...
Retrieving Table Clusters...
Retrieving Database Jobs...
Retrieving Database Links...
Retrieving Database Procedures/Packages...
Retrieving Database Sequences...
Retrieving Database Snapshots...
Retrieving Database Synonyms...
Retrieving Database Triggers...
Retrieving Database Views...
Retreiving Buffer Hit Ratio...
Retrieving Library Cache Hit Ratio...
Retrieving Data Dictionary Hit Ratio...
Retrieving System Statistics (ALL)...
Retrieving System Events...
Retrieving SGA Statistics...
Retrieving Wait Statistics...
Retrieving Sort Statistics...
Retrieving Disk I/O By Data File...
Retrieving Table Scan Statistics...
Retrieving Process Table Scan Information...
Retrieving Full Table Scan Stats By User...
Retrieving Data Dictionary Cache Performance...
Retrieving Latch Gets and Misses Stats...
Retrieving Disk Intensive SQL...
Retrieving Buffer Scan Intensive SQL...
Retrieving Shared Pool SQL with Most Loads...
Retrieving Cursors Open By User...
Retrieving Cursors Running By User...
Retrieving Session Time...
Retrieving Session I/O By User...
Retrieving CPU Usage By Session...
Retrieving Resource Usage Statistics by User...
Retrieving System Statistics Groups by Session...
Retrieving Per Session Current Cursor Usage...
Retrieving Shared Pool v$librarycache Statistics...
Retrieving Memory Usage of the Shared Pool...
Retrieving Loads into the Shared Pool...
Retrieving Shared Pool Executions...
Retrieving Shared Pool Details...
Retrieving Reserve Pool Settings...
Retrieving List of All Pinned Objects...
Retrieving Redo Log Information...
Retrieving Redo Log Switch History...
Retrieving Redo Buffer Statistics...
Retrieving Redo Log Buffer Contention Information...
Retrieving List of RMAN Backup Jobs...
Retrieving All non-default RMAN configuration settings...
Retrieving Available RMAN Backup Sets...
Retrieving Available RMAN backup pieces...
Retrieving Archive History...
Retrieving List of Two Phase Commit Pending...
Retrieving List of Two Phase Commit Neighbors...
Retrieving Database Growth Information...
Retrieving Checkpoint Intervals (Shortest, Longest, & Average)...
Retrieving Average Length of Write Request Queue...
Retrieving Lazy DBWR Indicators...
Stop Time: 24-JAN-2018 14:40:06 (DBEAI)
Disconnected from Oracle Database 11g Enterprise Edition Release 11.2.0.3.0 - 64bit Production
With the Partitioning, OLAP, Data Mining and Real Application Testing options

SQL*Plus: Release 11.2.0.3.0 Production on Wed Apr 25 14:19:01 2018

Copyright (c) 1982, 2011, Oracle.  All rights reserved.


Connected to:
Oracle Database 11g Enterprise Edition Release 11.2.0.3.0 - 64bit Production
With the Partitioning, OLAP, Data Mining and Real Application Testing options

Start Time: 25-APR-2018 14:19:01 (DBEAI)
Retrieving Database Information...
Retrieving Version Information...
Retrieving Database Options...
Retrieving License Information...
Retrieving INIT.ORA Parameters...
Retrieving Undocumented INIT.ORA Parameters...
Retrieving All INIT.ORA Parameters...
Retrieving SGA Information...
Retrieving List of Datafiles...
Retrieving Database Files (arch logs/control files/datafiles/etc.)...
Retrieving Tablespace Details...
Retrieving Tablespace Quotas...
Retrieving Tablespace Usage Information...
Retrieving User Default Tablespaces...
Retrieving List of Objects in SYSTEM Tablespace...
Retrieving Freespace and Largest Extent Information...
Retrieving List of AutoExtend Datafiles...
Retrieving Rollback Segment Information...
Retrieving Rollback Contention Statistics...
Retrieving Rollback Growth Information...
Retrieving Rollback Users...
Retrieving Rollback on Transaction Table Information...
Retrieving User Object Information...
Retrieving User Space Allocated Information...
Retrieving List of Invalid Objects...
Retrieving User Object Modification...
Retrieving User Privileges...
Retrieving Objects Users Are Accessing
Retrieving User Session Counts...
Retrieving User Hit Ratios...
Retrieving List of Datatypes...
Retrieving Accounts With Default Password...
Retrieving Table/Index Locations...
Retrieving Tables With Questionable Indexes...
Retrieving Tables With More Than 5 Indexes...
Retrieving Tables Without Indexes...
Retrieving Tables Without Primary Key...
Retrieving Tables Experiencing Chaining...
Retrieving Disabled Constraints...
Retrieving Large Objects...
Retrieving List of All Segments With More Than 50% of Max Extents...
Retrieving Segment MaxExtents...
Retrieving List of Analyzed Tables...
Retrieving List of Recently Analyzed Tables...
Retrieving List of Cached Tables...
Retrieving Partitioned Tables...
Retrieving Partitioned Indexes...
Retrieving Partition Key Columns...
Retrieving Table Level Partitioning Information...
Retrieving Index Level Partitioning Information...
Retrieving Table Clusters...
Retrieving Database Jobs...
Retrieving Database Links...
Retrieving Database Procedures/Packages...
Retrieving Database Sequences...
Retrieving Database Snapshots...
Retrieving Database Synonyms...
Retrieving Database Triggers...
Retrieving Database Views...
Retreiving Buffer Hit Ratio...
Retrieving Library Cache Hit Ratio...
Retrieving Data Dictionary Hit Ratio...
Retrieving System Statistics (ALL)...
Retrieving System Events...
Retrieving SGA Statistics...
Retrieving Wait Statistics...
Retrieving Sort Statistics...
Retrieving Disk I/O By Data File...
Retrieving Table Scan Statistics...
Retrieving Process Table Scan Information...
Retrieving Full Table Scan Stats By User...
Retrieving Data Dictionary Cache Performance...
Retrieving Latch Gets and Misses Stats...
Retrieving Disk Intensive SQL...
Retrieving Buffer Scan Intensive SQL...
Retrieving Shared Pool SQL with Most Loads...
Retrieving Cursors Open By User...
Retrieving Cursors Running By User...
Retrieving Session Time...
Retrieving Session I/O By User...
Retrieving CPU Usage By Session...
Retrieving Resource Usage Statistics by User...
Retrieving System Statistics Groups by Session...
Retrieving Per Session Current Cursor Usage...
Retrieving Shared Pool v$librarycache Statistics...
Retrieving Memory Usage of the Shared Pool...
Retrieving Loads into the Shared Pool...
Retrieving Shared Pool Executions...
Retrieving Shared Pool Details...
Retrieving Reserve Pool Settings...
Retrieving List of All Pinned Objects...
Retrieving Redo Log Information...
Retrieving Redo Log Switch History...
Retrieving Redo Buffer Statistics...
Retrieving Redo Log Buffer Contention Information...
Retrieving List of RMAN Backup Jobs...
Retrieving All non-default RMAN configuration settings...
Retrieving Available RMAN Backup Sets...
Retrieving Available RMAN backup pieces...
Retrieving Archive History...
Retrieving List of Two Phase Commit Pending...
Retrieving List of Two Phase Commit Neighbors...
Retrieving Database Growth Information...
Retrieving Checkpoint Intervals (Shortest, Longest, & Average)...
Retrieving Average Length of Write Request Queue...
Retrieving Lazy DBWR Indicators...
Stop Time: 25-APR-2018 14:23:34 (DBEAI)
Disconnected from Oracle Database 11g Enterprise Edition Release 11.2.0.3.0 - 64bit Production
With the Partitioning, OLAP, Data Mining and Real Application Testing options

SQL*Plus: Release 11.2.0.3.0 Production on Mon Jul 23 12:18:14 2018

Copyright (c) 1982, 2011, Oracle.  All rights reserved.


Connected to:
Oracle Database 11g Enterprise Edition Release 11.2.0.3.0 - 64bit Production
With the Partitioning, OLAP, Data Mining and Real Application Testing options

Start Time: 23-JUL-2018 12:18:14 (DBEAI)
Retrieving Database Information...
Retrieving Version Information...
Retrieving Database Options...
Retrieving License Information...
Retrieving INIT.ORA Parameters...
Retrieving Undocumented INIT.ORA Parameters...
Retrieving All INIT.ORA Parameters...
Retrieving SGA Information...
Retrieving List of Datafiles...
Retrieving Database Files (arch logs/control files/datafiles/etc.)...
Retrieving Tablespace Details...
Retrieving Tablespace Quotas...
Retrieving Tablespace Usage Information...
Retrieving User Default Tablespaces...
Retrieving List of Objects in SYSTEM Tablespace...
Retrieving Freespace and Largest Extent Information...
Retrieving List of AutoExtend Datafiles...
Retrieving Rollback Segment Information...
Retrieving Rollback Contention Statistics...
Retrieving Rollback Growth Information...
Retrieving Rollback Users...
Retrieving Rollback on Transaction Table Information...
Retrieving User Object Information...
Retrieving User Space Allocated Information...
Retrieving List of Invalid Objects...
Retrieving User Object Modification...
Retrieving User Privileges...
Retrieving Objects Users Are Accessing
Retrieving User Session Counts...
Retrieving User Hit Ratios...
Retrieving List of Datatypes...
Retrieving Accounts With Default Password...
Retrieving Table/Index Locations...
Retrieving Tables With Questionable Indexes...
Retrieving Tables With More Than 5 Indexes...
Retrieving Tables Without Indexes...
Retrieving Tables Without Primary Key...
Retrieving Tables Experiencing Chaining...
Retrieving Disabled Constraints...
Retrieving Large Objects...
Retrieving List of All Segments With More Than 50% of Max Extents...
Retrieving Segment MaxExtents...
Retrieving List of Analyzed Tables...
Retrieving List of Recently Analyzed Tables...
Retrieving List of Cached Tables...
Retrieving Partitioned Tables...
Retrieving Partitioned Indexes...
Retrieving Partition Key Columns...
Retrieving Table Level Partitioning Information...
Retrieving Index Level Partitioning Information...
Retrieving Table Clusters...
Retrieving Database Jobs...
Retrieving Database Links...
Retrieving Database Procedures/Packages...
Retrieving Database Sequences...
Retrieving Database Snapshots...
Retrieving Database Synonyms...
Retrieving Database Triggers...
Retrieving Database Views...
Retreiving Buffer Hit Ratio...
Retrieving Library Cache Hit Ratio...
Retrieving Data Dictionary Hit Ratio...
Retrieving System Statistics (ALL)...
Retrieving System Events...
Retrieving SGA Statistics...
Retrieving Wait Statistics...
Retrieving Sort Statistics...
Retrieving Disk I/O By Data File...
Retrieving Table Scan Statistics...
Retrieving Process Table Scan Information...
Retrieving Full Table Scan Stats By User...
Retrieving Data Dictionary Cache Performance...
Retrieving Latch Gets and Misses Stats...
Retrieving Disk Intensive SQL...
Retrieving Buffer Scan Intensive SQL...
Retrieving Shared Pool SQL with Most Loads...
Retrieving Cursors Open By User...
Retrieving Cursors Running By User...
Retrieving Session Time...
Retrieving Session I/O By User...
Retrieving CPU Usage By Session...
Retrieving Resource Usage Statistics by User...
Retrieving System Statistics Groups by Session...
Retrieving Per Session Current Cursor Usage...
Retrieving Shared Pool v$librarycache Statistics...
Retrieving Memory Usage of the Shared Pool...
Retrieving Loads into the Shared Pool...
Retrieving Shared Pool Executions...
Retrieving Shared Pool Details...
Retrieving Reserve Pool Settings...
Retrieving List of All Pinned Objects...
Retrieving Redo Log Information...
Retrieving Redo Log Switch History...
Retrieving Redo Buffer Statistics...
Retrieving Redo Log Buffer Contention Information...
Retrieving List of RMAN Backup Jobs...
Retrieving All non-default RMAN configuration settings...
Retrieving Available RMAN Backup Sets...
Retrieving Available RMAN backup pieces...
Retrieving Archive History...
Retrieving List of Two Phase Commit Pending...
Retrieving List of Two Phase Commit Neighbors...
Retrieving Database Growth Information...
Retrieving Checkpoint Intervals (Shortest, Longest, & Average)...
Retrieving Average Length of Write Request Queue...
Retrieving Lazy DBWR Indicators...
Stop Time: 23-JUL-2018 12:21:47 (DBEAI)
Disconnected from Oracle Database 11g Enterprise Edition Release 11.2.0.3.0 - 64bit Production
With the Partitioning, OLAP, Data Mining and Real Application Testing options

SQL*Plus: Release 11.2.0.4.0 Production on Mon Oct 15 14:35:38 2018

Copyright (c) 1982, 2013, Oracle.  All rights reserved.


Connected to:
Oracle Database 11g Enterprise Edition Release 11.2.0.4.0 - 64bit Production
With the Partitioning, Real Application Clusters, Automatic Storage Management, OLAP,
Data Mining and Real Application Testing options

Start Time: 15-OCT-2018 14:35:38 (DBEAI)
Retrieving Database Information...
Retrieving Version Information...
Retrieving Database Options...
Retrieving License Information...
Retrieving INIT.ORA Parameters...
Retrieving Undocumented INIT.ORA Parameters...
Retrieving All INIT.ORA Parameters...
Retrieving SGA Information...
Retrieving List of Datafiles...
Retrieving Database Files (arch logs/control files/datafiles/etc.)...
Retrieving Tablespace Details...
Retrieving Tablespace Quotas...
Retrieving Tablespace Usage Information...
Retrieving User Default Tablespaces...
Retrieving List of Objects in SYSTEM Tablespace...
Retrieving Freespace and Largest Extent Information...
Retrieving List of AutoExtend Datafiles...
Retrieving Rollback Segment Information...
Retrieving Rollback Contention Statistics...
Retrieving Rollback Growth Information...
Retrieving Rollback Users...
Retrieving Rollback on Transaction Table Information...
Retrieving User Object Information...
Retrieving User Space Allocated Information...
Retrieving List of Invalid Objects...
Retrieving User Object Modification...
Retrieving User Privileges...
Retrieving Objects Users Are Accessing
Retrieving User Session Counts...
Retrieving User Hit Ratios...
Retrieving List of Datatypes...
Retrieving Accounts With Default Password...
Retrieving Table/Index Locations...
Retrieving Tables With Questionable Indexes...
Retrieving Tables With More Than 5 Indexes...
Retrieving Tables Without Indexes...
Retrieving Tables Without Primary Key...
Retrieving Tables Experiencing Chaining...
Retrieving Disabled Constraints...
Retrieving Large Objects...
Retrieving List of All Segments With More Than 50% of Max Extents...
Retrieving Segment MaxExtents...
Retrieving List of Analyzed Tables...
Retrieving List of Recently Analyzed Tables...
Retrieving List of Cached Tables...
Retrieving Partitioned Tables...
Retrieving Partitioned Indexes...
Retrieving Partition Key Columns...
Retrieving Table Level Partitioning Information...
Retrieving Index Level Partitioning Information...
Retrieving Table Clusters...
Retrieving Database Jobs...
Retrieving Database Links...
Retrieving Database Procedures/Packages...
Retrieving Database Sequences...
Retrieving Database Snapshots...
Retrieving Database Synonyms...
Retrieving Database Triggers...
Retrieving Database Views...
Retreiving Buffer Hit Ratio...
Retrieving Library Cache Hit Ratio...
Retrieving Data Dictionary Hit Ratio...
Retrieving System Statistics (ALL)...
Retrieving System Events...
Retrieving SGA Statistics...
Retrieving Wait Statistics...
Retrieving Sort Statistics...
Retrieving Disk I/O By Data File...
Retrieving Table Scan Statistics...
Retrieving Process Table Scan Information...
Retrieving Full Table Scan Stats By User...
Retrieving Data Dictionary Cache Performance...
Retrieving Latch Gets and Misses Stats...
Retrieving Disk Intensive SQL...
Retrieving Buffer Scan Intensive SQL...
Retrieving Shared Pool SQL with Most Loads...
Retrieving Cursors Open By User...
Retrieving Cursors Running By User...
Retrieving Session Time...
Retrieving Session I/O By User...
Retrieving CPU Usage By Session...
Retrieving Resource Usage Statistics by User...
Retrieving System Statistics Groups by Session...
Retrieving Per Session Current Cursor Usage...
Retrieving Shared Pool v$librarycache Statistics...
Retrieving Memory Usage of the Shared Pool...
Retrieving Loads into the Shared Pool...
Retrieving Shared Pool Executions...
Retrieving Shared Pool Details...
Retrieving Reserve Pool Settings...
Retrieving List of All Pinned Objects...
Retrieving Redo Log Information...
Retrieving Redo Log Switch History...
Retrieving Redo Buffer Statistics...
Retrieving Redo Log Buffer Contention Information...
Retrieving List of RMAN Backup Jobs...
Retrieving All non-default RMAN configuration settings...
Retrieving Available RMAN Backup Sets...
Retrieving Available RMAN backup pieces...
Retrieving Archive History...
Retrieving List of Two Phase Commit Pending...
Retrieving List of Two Phase Commit Neighbors...
Retrieving Database Growth Information...
Retrieving Checkpoint Intervals (Shortest, Longest, & Average)...
Retrieving Average Length of Write Request Queue...
Retrieving Lazy DBWR Indicators...
Stop Time: 15-OCT-2018 14:40:42 (DBEAI)
Disconnected from Oracle Database 11g Enterprise Edition Release 11.2.0.4.0 - 64bit Production
With the Partitioning, Real Application Clusters, Automatic Storage Management, OLAP,
Data Mining and Real Application Testing options
